<?xml version="1.0" encoding="UTF-8"?>
<!-- Generated by org.testng.reporters.JUnitReportReporter -->
<testsuite skipped="0" hostname="LAPTOP-KCTA0C3M" name="com.flipkart.qa.testcases.LoginPageTest" tests="3" failures="0" timestamp="2020-09-03T18:58:16 IST" time="39.690" errors="0">
  <testcase name="loginPageTitleTest" time="12.003" classname="com.flipkart.qa.testcases.LoginPageTest"/>
  <system-out/>
  <testcase name="createAccountLinkTest" time="15.933" classname="com.flipkart.qa.testcases.LoginPageTest"/>
  <system-out/>
  <testcase name="loginToApplicationTest" time="11.754" classname="com.flipkart.qa.testcases.LoginPageTest"/>
  <system-out/>
</testsuite> <!-- com.flipkart.qa.testcases.LoginPageTest -->
