<?xml version="1.0" encoding="UTF-8"?>
<!-- Generated by org.testng.reporters.JUnitReportReporter -->
<testsuite skipped="0" hostname="LAPTOP-KCTA0C3M" name="com.flipkart.qa.testcases.LoginPageTest" tests="3" failures="0" timestamp="2020-09-03T13:05:19 IST" time="38.699" errors="0">
  <testcase name="loginPageTitleTest" time="13.604" classname="com.flipkart.qa.testcases.LoginPageTest"/>
  <system-out/>
  <testcase name="createAccountLinkTest" time="11.998" classname="com.flipkart.qa.testcases.LoginPageTest"/>
  <system-out/>
  <testcase name="loginToApplicationTest" time="13.097" classname="com.flipkart.qa.testcases.LoginPageTest"/>
  <system-out/>
</testsuite> <!-- com.flipkart.qa.testcases.LoginPageTest -->
